13:33:37  Monitor started. User=asaeed, layers=(32), check every 5m
13:33:37  Dimensions: G4=narcissism G3=spite G2=empathy G1=firmness 
13:33:38  FOUND     L32_G3 (spite) running on brent-l
13:33:39  FOUND     L32_G2 (empathy) running on barnacle-l
13:33:39  FOUND     L32_G1 (firmness) running on aylesbury-l
13:33:39  OK        L32_G1 (firmness) alive on aylesbury-l
13:33:40  OK        L32_G2 (empathy) alive on barnacle-l
13:33:41  OK        L32_G3 (spite) alive on brent-l
13:33:41  Sleeping 5m...
13:38:41  OK        L32_G1 (firmness) alive on aylesbury-l
13:38:42  OK        L32_G2 (empathy) alive on barnacle-l
13:38:43  OK        L32_G3 (spite) alive on brent-l
13:38:43  Sleeping 5m...
13:43:43  OK        L32_G1 (firmness) alive on aylesbury-l
13:43:44  OK        L32_G2 (empathy) alive on barnacle-l
13:43:45  OK        L32_G3 (spite) alive on brent-l
13:43:45  Sleeping 5m...
13:48:45  OK        L32_G1 (firmness) alive on aylesbury-l
13:48:46  OK        L32_G2 (empathy) alive on barnacle-l
13:48:47  OK        L32_G3 (spite) alive on brent-l
13:48:47  Sleeping 5m...
13:53:47  OK        L32_G1 (firmness) alive on aylesbury-l
13:53:48  OK        L32_G2 (empathy) alive on barnacle-l
13:53:49  OK        L32_G3 (spite) alive on brent-l
13:53:49  Sleeping 5m...
13:58:49  OK        L32_G1 (firmness) alive on aylesbury-l
13:58:50  OK        L32_G3 (spite) alive on brent-l
13:58:50  Sleeping 5m...
14:03:50  OK        L32_G1 (firmness) alive on aylesbury-l
14:03:51  OK        L32_G3 (spite) alive on brent-l
14:03:51  Sleeping 5m...
14:08:53  OK        L32_G3 (spite) alive on brent-l
14:08:53  Sleeping 5m...
14:13:54  OK        L32_G3 (spite) alive on brent-l
14:13:54  Sleeping 5m...
14:18:56  OK        L32_G3 (spite) alive on brent-l
14:18:56  Sleeping 5m...
14:23:57  OK        L32_G3 (spite) alive on brent-l
14:23:57  Sleeping 5m...
14:28:57  ALL COMPLETE — all (layer, group) combos have final_best.json. Exiting.
